Removed Pin From Net: NetName=PA0 Pin=P3-1
Removed Pin From Net: NetName=PA2 Pin=P3-3
Removed Pin From Net: NetName=PA3 Pin=P3-4
Removed Pin From Net: NetName=PA4 Pin=P3-5
Removed Pin From Net: NetName=PA5 Pin=P3-6
Removed Pin From Net: NetName=PA6 Pin=P3-7
Removed Pin From Net: NetName=PA7 Pin=P3-8
Removed Pin From Net: NetName=PA8 Pin=P3-9
Removed Pin From Net: NetName=PA9 Pin=P3-10
Removed Pin From Net: NetName=PA10 Pin=P3-11
Removed Pin From Net: NetName=PA11 Pin=P3-12
Removed Pin From Net: NetName=PA12 Pin=P3-13
Removed Pin From Net: NetName=JTMS Pin=P3-14
Removed Pin From Net: NetName=JTCK Pin=P3-15
Removed Pin From Net: NetName=PA15 Pin=P3-16
Removed Pin From Net: NetName=PC15 Pin=P3-17
Removed Pin From Net: NetName=PC14 Pin=P3-18
Removed Pin From Net: NetName=PC13 Pin=P3-19
Removed Pin From Net: NetName=PC12 Pin=P3-20
Removed Pin From Net: NetName=PC11 Pin=P3-21
Removed Pin From Net: NetName=PC10 Pin=P3-22
Removed Pin From Net: NetName=PC9 Pin=P3-23
Removed Pin From Net: NetName=PC8 Pin=P3-24
Removed Pin From Net: NetName=PC7 Pin=P3-25
Removed Pin From Net: NetName=PC6 Pin=P3-26
Removed Pin From Net: NetName=PC5 Pin=P3-27
Removed Pin From Net: NetName=PC4 Pin=P3-28
Removed Pin From Net: NetName=PC3 Pin=P3-29
Removed Pin From Net: NetName=PC2 Pin=P3-30
Removed Pin From Net: NetName=PC1 Pin=P3-31
Removed Pin From Net: NetName=PC0 Pin=P3-32
Removed Pin From Net: NetName=PD0 Pin=P4-1
Removed Pin From Net: NetName=PD1 Pin=P4-2
Removed Pin From Net: NetName=PD2 Pin=P4-3
Removed Pin From Net: NetName=PD3 Pin=P4-4
Removed Pin From Net: NetName=PD4 Pin=P4-5
Removed Pin From Net: NetName=PD5 Pin=P4-6
Removed Pin From Net: NetName=PD6 Pin=P4-7
Removed Pin From Net: NetName=PD7 Pin=P4-8
Removed Pin From Net: NetName=PD8 Pin=P4-9
Removed Pin From Net: NetName=PD9 Pin=P4-10
Removed Pin From Net: NetName=PD10 Pin=P4-11
Removed Pin From Net: NetName=PD11 Pin=P4-12
Removed Pin From Net: NetName=PD12 Pin=P4-13
Removed Pin From Net: NetName=PD13 Pin=P4-14
Removed Pin From Net: NetName=PD14 Pin=P4-15
Removed Pin From Net: NetName=PD15 Pin=P4-16
Removed Pin From Net: NetName=PB15 Pin=P4-17
Removed Pin From Net: NetName=PB14 Pin=P4-18
Removed Pin From Net: NetName=PB13 Pin=P4-19
Removed Pin From Net: NetName=PB12 Pin=P4-20
Removed Pin From Net: NetName=PB11 Pin=P4-21
Removed Pin From Net: NetName=PB10 Pin=P4-22
Removed Pin From Net: NetName=PB9 Pin=P4-23
Removed Pin From Net: NetName=PB8 Pin=P4-24
Removed Pin From Net: NetName=PB7 Pin=P4-25
Removed Pin From Net: NetName=PB6 Pin=P4-26
Removed Pin From Net: NetName=PB5 Pin=P4-27
Removed Pin From Net: NetName=PB4 Pin=P4-28
Removed Pin From Net: NetName=PB3 Pin=P4-29
Removed Pin From Net: NetName=PB2 Pin=P4-30
Removed Pin From Net: NetName=PB1 Pin=P4-31
Removed Pin From Net: NetName=PB0 Pin=P4-32
Removed Pin From Net: NetName=PE0 Pin=P?-1
Removed Pin From Net: NetName=PE1 Pin=P?-2
Removed Pin From Net: NetName=PE2 Pin=P?-3
Removed Pin From Net: NetName=PE3 Pin=P?-4
Removed Pin From Net: NetName=PE4 Pin=P?-5
Removed Pin From Net: NetName=PE5 Pin=P?-6
Removed Pin From Net: NetName=PE6 Pin=P?-7
Removed Pin From Net: NetName=PE7 Pin=P?-8
Removed Pin From Net: NetName=PE8 Pin=P?-9
Removed Pin From Net: NetName=PE9 Pin=P?-10
Removed Pin From Net: NetName=PE10 Pin=P?-11
Removed Pin From Net: NetName=PE11 Pin=P?-12
Removed Pin From Net: NetName=PE12 Pin=P?-13
Removed Pin From Net: NetName=PE13 Pin=P?-14
Removed Pin From Net: NetName=PE14 Pin=P?-15
Removed Pin From Net: NetName=PE15 Pin=P?-16
Change Component Designator: OldDesignator=P? NewDesignator=P5
Added Pin To Net: NetName=PA4 Pin=P3-1
Added Pin To Net: NetName=PA0 Pin=P3-3
Added Pin To Net: NetName=PC3 Pin=P3-4
Added Pin To Net: NetName=PC2 Pin=P3-5
Added Pin To Net: NetName=PC1 Pin=P3-6
Added Pin To Net: NetName=PC0 Pin=P3-7
Added Pin To Net: NetName=PC15 Pin=P3-8
Added Pin To Net: NetName=PC14 Pin=P3-9
Added Pin To Net: NetName=PC13 Pin=P3-10
Added Pin To Net: NetName=PE6 Pin=P3-11
Added Pin To Net: NetName=PE5 Pin=P3-12
Added Pin To Net: NetName=PE4 Pin=P3-13
Added Pin To Net: NetName=PE3 Pin=P3-14
Added Pin To Net: NetName=PE2 Pin=P3-15
Added Pin To Net: NetName=PE1 Pin=P3-16
Added Pin To Net: NetName=PE0 Pin=P3-17
Added Pin To Net: NetName=PB9 Pin=P3-18
Added Pin To Net: NetName=PB8 Pin=P3-19
Added Pin To Net: NetName=PB7 Pin=P3-20
Added Pin To Net: NetName=PB6 Pin=P3-21
Added Pin To Net: NetName=PB5 Pin=P3-22
Added Pin To Net: NetName=PB4 Pin=P3-23
Added Pin To Net: NetName=PB3 Pin=P3-24
Added Pin To Net: NetName=PD7 Pin=P3-25
Added Pin To Net: NetName=PD6 Pin=P3-26
Added Pin To Net: NetName=PD5 Pin=P3-27
Added Pin To Net: NetName=PD4 Pin=P3-28
Added Pin To Net: NetName=GND Pin=P3-29
Added Pin To Net: NetName=GND Pin=P3-30
Added Pin To Net: NetName=3.3V Pin=P3-31
Added Pin To Net: NetName=VCC Pin=P3-32
Added Pin To Net: NetName=PA5 Pin=P4-1
Added Pin To Net: NetName=PA6 Pin=P4-2
Added Pin To Net: NetName=PA7 Pin=P4-3
Added Pin To Net: NetName=PC4 Pin=P4-4
Added Pin To Net: NetName=PC5 Pin=P4-5
Added Pin To Net: NetName=PB0 Pin=P4-6
Added Pin To Net: NetName=PB1 Pin=P4-7
Added Pin To Net: NetName=PB2 Pin=P4-8
Added Pin To Net: NetName=PE7 Pin=P4-9
Added Pin To Net: NetName=PE8 Pin=P4-10
Added Pin To Net: NetName=PE9 Pin=P4-11
Added Pin To Net: NetName=PE10 Pin=P4-12
Added Pin To Net: NetName=PE11 Pin=P4-13
Added Pin To Net: NetName=PE12 Pin=P4-14
Added Pin To Net: NetName=PE13 Pin=P4-15
Added Pin To Net: NetName=PE14 Pin=P4-16
Added Pin To Net: NetName=PC6 Pin=P4-17
Added Pin To Net: NetName=PD15 Pin=P4-18
Added Pin To Net: NetName=PD14 Pin=P4-19
Added Pin To Net: NetName=PD13 Pin=P4-20
Added Pin To Net: NetName=PD12 Pin=P4-21
Added Pin To Net: NetName=PD11 Pin=P4-22
Added Pin To Net: NetName=PD10 Pin=P4-23
Added Pin To Net: NetName=PD9 Pin=P4-24
Added Pin To Net: NetName=PD8 Pin=P4-25
Added Pin To Net: NetName=PB15 Pin=P4-26
Added Pin To Net: NetName=PB14 Pin=P4-27
Added Pin To Net: NetName=PB13 Pin=P4-28
Added Pin To Net: NetName=PB12 Pin=P4-29
Added Pin To Net: NetName=PB11 Pin=P4-30
Added Pin To Net: NetName=PB10 Pin=P4-31
Added Pin To Net: NetName=PE15 Pin=P4-32
Added Pin To Net: NetName=PD3 Pin=P5-1
Added Pin To Net: NetName=PD2 Pin=P5-2
Added Pin To Net: NetName=PD1 Pin=P5-3
Added Pin To Net: NetName=PD0 Pin=P5-4
Added Pin To Net: NetName=PC12 Pin=P5-5
Added Pin To Net: NetName=PC11 Pin=P5-6
Added Pin To Net: NetName=PC10 Pin=P5-7
Added Pin To Net: NetName=PA15 Pin=P5-8
Added Pin To Net: NetName=PA12 Pin=P5-9
Added Pin To Net: NetName=PA11 Pin=P5-10
Added Pin To Net: NetName=PA10 Pin=P5-11
Added Pin To Net: NetName=PA9 Pin=P5-12
Added Pin To Net: NetName=PA8 Pin=P5-13
Added Pin To Net: NetName=PC9 Pin=P5-14
Added Pin To Net: NetName=PC8 Pin=P5-15
Added Pin To Net: NetName=PC7 Pin=P5-16
Added Member To Class: ClassName=Minimum_MCU_sys Member=Component C12 104
Added Member To Class: ClassName=Minimum_MCU_sys Member=Component C13 104
Added Member To Class: ClassName=Minimum_MCU_sys Member=Component C14 104
Added Room: Name=Minimum_MCU_sys
