Removed Pin From Net: NetName=PB0 Pin=P4-1
Removed Pin From Net: NetName=PB1 Pin=P4-2
Removed Pin From Net: NetName=PB2 Pin=P4-3
Removed Pin From Net: NetName=PB3 Pin=P4-4
Removed Pin From Net: NetName=PB4 Pin=P4-5
Removed Pin From Net: NetName=PB5 Pin=P4-6
Removed Pin From Net: NetName=PB6 Pin=P4-7
Removed Pin From Net: NetName=PB7 Pin=P4-8
Removed Pin From Net: NetName=PB8 Pin=P4-9
Removed Pin From Net: NetName=PB9 Pin=P4-10
Removed Pin From Net: NetName=PB10 Pin=P4-11
Removed Pin From Net: NetName=PB11 Pin=P4-12
Removed Pin From Net: NetName=PB12 Pin=P4-13
Removed Pin From Net: NetName=PB13 Pin=P4-14
Removed Pin From Net: NetName=PB14 Pin=P4-15
Removed Pin From Net: NetName=PB15 Pin=P4-16
Removed Pin From Net: NetName=PD15 Pin=P4-17
Removed Pin From Net: NetName=PD14 Pin=P4-18
Removed Pin From Net: NetName=PD13 Pin=P4-19
Removed Pin From Net: NetName=PD12 Pin=P4-20
Removed Pin From Net: NetName=PD11 Pin=P4-21
Removed Pin From Net: NetName=PD10 Pin=P4-22
Removed Pin From Net: NetName=PD9 Pin=P4-23
Removed Pin From Net: NetName=PD8 Pin=P4-24
Removed Pin From Net: NetName=PD7 Pin=P4-25
Removed Pin From Net: NetName=PD6 Pin=P4-26
Removed Pin From Net: NetName=PD5 Pin=P4-27
Removed Pin From Net: NetName=PD4 Pin=P4-28
Removed Pin From Net: NetName=PD3 Pin=P4-29
Removed Pin From Net: NetName=PD2 Pin=P4-30
Removed Pin From Net: NetName=PD1 Pin=P4-31
Removed Pin From Net: NetName=PD0 Pin=P4-32
Added Pin To Net: NetName=PD0 Pin=P4-1
Added Pin To Net: NetName=PD1 Pin=P4-2
Added Pin To Net: NetName=PD2 Pin=P4-3
Added Pin To Net: NetName=PD3 Pin=P4-4
Added Pin To Net: NetName=PD4 Pin=P4-5
Added Pin To Net: NetName=PD5 Pin=P4-6
Added Pin To Net: NetName=PD6 Pin=P4-7
Added Pin To Net: NetName=PD7 Pin=P4-8
Added Pin To Net: NetName=PD8 Pin=P4-9
Added Pin To Net: NetName=PD9 Pin=P4-10
Added Pin To Net: NetName=PD10 Pin=P4-11
Added Pin To Net: NetName=PD11 Pin=P4-12
Added Pin To Net: NetName=PD12 Pin=P4-13
Added Pin To Net: NetName=PD13 Pin=P4-14
Added Pin To Net: NetName=PD14 Pin=P4-15
Added Pin To Net: NetName=PD15 Pin=P4-16
Added Pin To Net: NetName=PB15 Pin=P4-17
Added Pin To Net: NetName=PB14 Pin=P4-18
Added Pin To Net: NetName=PB13 Pin=P4-19
Added Pin To Net: NetName=PB12 Pin=P4-20
Added Pin To Net: NetName=PB11 Pin=P4-21
Added Pin To Net: NetName=PB10 Pin=P4-22
Added Pin To Net: NetName=PB9 Pin=P4-23
Added Pin To Net: NetName=PB8 Pin=P4-24
Added Pin To Net: NetName=PB7 Pin=P4-25
Added Pin To Net: NetName=PB6 Pin=P4-26
Added Pin To Net: NetName=PB5 Pin=P4-27
Added Pin To Net: NetName=PB4 Pin=P4-28
Added Pin To Net: NetName=PB3 Pin=P4-29
Added Pin To Net: NetName=PB2 Pin=P4-30
Added Pin To Net: NetName=PB1 Pin=P4-31
Added Pin To Net: NetName=PB0 Pin=P4-32
Added Room: Name=Minimum_MCU_sys
