Added Component: Designator=C1(Cap-0603)
Added Component: Designator=C2(Cap-0603)
Added Component: Designator=C3(Cap-0603)
Added Component: Designator=C4(Cap-0603)
Added Component: Designator=C5(Cap-0603)
Added Component: Designator=C6(Cap-0603)
Added Component: Designator=C7(Cap-0603)
Added Component: Designator=C8(Cap-0603)
Added Component: Designator=C9(Cap-0603)
Added Component: Designator=C10(Cap-0603)
Added Component: Designator=C11(Cap-0603)
Added Component: Designator=C12(Cap-0603)
Added Component: Designator=C13(Cap-0603)
Added Component: Designator=C14(Cap-0603)
Added Component: Designator=C15(Cap-0603)
Added Component: Designator=C16(Cap-0603)
Added Component: Designator=C17(Cap-0603)
Added Component: Designator=C18(Cap-0603)
Added Component: Designator=C19(Cap-0603)
Added Component: Designator=C20(Cap-0603)
Added Component: Designator=C21(Cap-0603)
Added Component: Designator=C22(tan_cap_C)
Added Component: Designator=C23(Cap-0603-M)
Added Component: Designator=C24(Cap-0603-M)
Added Component: Designator=C25(tan_cap_C)
Added Component: Designator=K1(SW-SMD-2X4)
Added Component: Designator=LED0(LED_0603_W)
Added Component: Designator=P1(Header_SMD_2.54X2)
Added Component: Designator=P2(Header_SMD_2.54X2)
Added Component: Designator=P3(Header 2.54_2X16)
Added Component: Designator=P4(Header 2.54_2X16)
Added Component: Designator=P?(Header 2.54X16)
Added Component: Designator=PWR(LED_0603_B)
Added Component: Designator=R1(Res-0603)
Added Component: Designator=R2(Res-0603)
Added Component: Designator=R3(Res-0603)
Added Component: Designator=R4(Res-0603)
Added Component: Designator=R5(Res-0603)
Added Component: Designator=U1(LQFP100_V)
Added Component: Designator=U2(AMS1117)
Added Component: Designator=X1(OSC 5032-2P)
Added Pin To Net: NetName=3.3V Pin=C1-1
Added Pin To Net: NetName=3.3V Pin=C2-1
Added Pin To Net: NetName=3.3V Pin=C9-2
Added Pin To Net: NetName=3.3V Pin=C10-2
Added Pin To Net: NetName=3.3V Pin=C11-2
Added Pin To Net: NetName=3.3V Pin=C12-2
Added Pin To Net: NetName=3.3V Pin=C13-2
Added Pin To Net: NetName=3.3V Pin=C14-2
Added Pin To Net: NetName=3.3V Pin=C15-2
Added Pin To Net: NetName=3.3V Pin=C16-2
Added Pin To Net: NetName=3.3V Pin=C17-2
Added Pin To Net: NetName=3.3V Pin=C18-2
Added Pin To Net: NetName=3.3V Pin=C19-2
Added Pin To Net: NetName=3.3V Pin=C20-2
Added Pin To Net: NetName=3.3V Pin=C24-2
Added Pin To Net: NetName=3.3V Pin=C25-1
Added Pin To Net: NetName=3.3V Pin=R1-1
Added Pin To Net: NetName=3.3V Pin=R3-1
Added Pin To Net: NetName=3.3V Pin=R4-1
Added Pin To Net: NetName=3.3V Pin=U1-11
Added Pin To Net: NetName=3.3V Pin=U1-19
Added Pin To Net: NetName=3.3V Pin=U1-28
Added Pin To Net: NetName=3.3V Pin=U1-50
Added Pin To Net: NetName=3.3V Pin=U1-75
Added Pin To Net: NetName=3.3V Pin=U1-100
Added Pin To Net: NetName=3.3V Pin=U2-2
Added Pin To Net: NetName=3.3V Pin=U2-4
Added Net: Name=3.3V
Added Pin To Net: NetName=BOOT0 Pin=R2-2
Added Pin To Net: NetName=BOOT0 Pin=U1-94
Added Net: Name=BOOT0
Added Pin To Net: NetName=GND Pin=C1-2
Added Pin To Net: NetName=GND Pin=C2-2
Added Pin To Net: NetName=GND Pin=C3-1
Added Pin To Net: NetName=GND Pin=C4-1
Added Pin To Net: NetName=GND Pin=C5-1
Added Pin To Net: NetName=GND Pin=C6-1
Added Pin To Net: NetName=GND Pin=C7-2
Added Pin To Net: NetName=GND Pin=C8-1
Added Pin To Net: NetName=GND Pin=C9-1
Added Pin To Net: NetName=GND Pin=C10-1
Added Pin To Net: NetName=GND Pin=C11-1
Added Pin To Net: NetName=GND Pin=C12-1
Added Pin To Net: NetName=GND Pin=C13-1
Added Pin To Net: NetName=GND Pin=C14-1
Added Pin To Net: NetName=GND Pin=C15-1
Added Pin To Net: NetName=GND Pin=C16-1
Added Pin To Net: NetName=GND Pin=C17-1
Added Pin To Net: NetName=GND Pin=C18-1
Added Pin To Net: NetName=GND Pin=C19-1
Added Pin To Net: NetName=GND Pin=C20-1
Added Pin To Net: NetName=GND Pin=C21-1
Added Pin To Net: NetName=GND Pin=C22-2
Added Pin To Net: NetName=GND Pin=C23-1
Added Pin To Net: NetName=GND Pin=C24-1
Added Pin To Net: NetName=GND Pin=C25-2
Added Pin To Net: NetName=GND Pin=K1-1
Added Pin To Net: NetName=GND Pin=LED0-2
Added Pin To Net: NetName=GND Pin=P1-2
Added Pin To Net: NetName=GND Pin=P2-2
Added Pin To Net: NetName=GND Pin=PWR-2
Added Pin To Net: NetName=GND Pin=R2-1
Added Pin To Net: NetName=GND Pin=U1-10
Added Pin To Net: NetName=GND Pin=U1-20
Added Pin To Net: NetName=GND Pin=U1-27
Added Pin To Net: NetName=GND Pin=U1-74
Added Pin To Net: NetName=GND Pin=U1-99
Added Pin To Net: NetName=GND Pin=U2-1
Added Net: Name=GND
Added Pin To Net: NetName=JTCK Pin=P1-4
Added Net: Name=JTCK
Added Pin To Net: NetName=JTMS Pin=P1-3
Added Net: Name=JTMS
Added Pin To Net: NetName=NetC5_2 Pin=C5-2
Added Pin To Net: NetName=NetC5_2 Pin=U1-49
Added Net: Name=NetC5_2
Added Pin To Net: NetName=NetC6_2 Pin=C6-2
Added Pin To Net: NetName=NetC6_2 Pin=U1-73
Added Net: Name=NetC6_2
Added Pin To Net: NetName=NetC7_1 Pin=C7-1
Added Pin To Net: NetName=NetC7_1 Pin=U1-13
Added Pin To Net: NetName=NetC7_1 Pin=X1-2
Added Net: Name=NetC7_1
Added Pin To Net: NetName=NetC8_2 Pin=C8-2
Added Pin To Net: NetName=NetC8_2 Pin=U1-12
Added Pin To Net: NetName=NetC8_2 Pin=X1-1
Added Net: Name=NetC8_2
Added Pin To Net: NetName=NetLED0_1 Pin=LED0-1
Added Pin To Net: NetName=NetLED0_1 Pin=R5-2
Added Net: Name=NetLED0_1
Added Pin To Net: NetName=NetPWR_1 Pin=PWR-1
Added Pin To Net: NetName=NetPWR_1 Pin=R4-2
Added Net: Name=NetPWR_1
Added Pin To Net: NetName=NetR1_2 Pin=R1-2
Added Pin To Net: NetName=NetR1_2 Pin=U1-22
Added Net: Name=NetR1_2
Added Pin To Net: NetName=NRST Pin=C21-2
Added Pin To Net: NetName=NRST Pin=K1-3
Added Pin To Net: NetName=NRST Pin=R3-2
Added Pin To Net: NetName=NRST Pin=U1-14
Added Net: Name=NRST
Added Pin To Net: NetName=PA0 Pin=P3-1
Added Pin To Net: NetName=PA0 Pin=U1-23
Added Net: Name=PA0
Added Pin To Net: NetName=PA1 Pin=P3-2
Added Pin To Net: NetName=PA1 Pin=U1-24
Added Net: Name=PA1
Added Pin To Net: NetName=PA2 Pin=P2-3
Added Pin To Net: NetName=PA2 Pin=P3-3
Added Pin To Net: NetName=PA2 Pin=U1-25
Added Net: Name=PA2
Added Pin To Net: NetName=PA3 Pin=P2-4
Added Pin To Net: NetName=PA3 Pin=P3-4
Added Pin To Net: NetName=PA3 Pin=U1-26
Added Net: Name=PA3
Added Pin To Net: NetName=PA4 Pin=P3-5
Added Pin To Net: NetName=PA4 Pin=U1-29
Added Net: Name=PA4
Added Pin To Net: NetName=PA5 Pin=P3-6
Added Pin To Net: NetName=PA5 Pin=U1-30
Added Net: Name=PA5
Added Pin To Net: NetName=PA6 Pin=P3-7
Added Pin To Net: NetName=PA6 Pin=U1-31
Added Net: Name=PA6
Added Pin To Net: NetName=PA7 Pin=P3-8
Added Pin To Net: NetName=PA7 Pin=U1-32
Added Net: Name=PA7
Added Pin To Net: NetName=PA8 Pin=P3-9
Added Pin To Net: NetName=PA8 Pin=U1-67
Added Net: Name=PA8
Added Pin To Net: NetName=PA9 Pin=P3-10
Added Pin To Net: NetName=PA9 Pin=U1-68
Added Net: Name=PA9
Added Pin To Net: NetName=PA10 Pin=P3-11
Added Pin To Net: NetName=PA10 Pin=U1-69
Added Net: Name=PA10
Added Pin To Net: NetName=PA11 Pin=P3-12
Added Pin To Net: NetName=PA11 Pin=U1-70
Added Net: Name=PA11
Added Pin To Net: NetName=PA12 Pin=P3-13
Added Pin To Net: NetName=PA12 Pin=U1-71
Added Net: Name=PA12
Added Pin To Net: NetName=PA13 Pin=P3-14
Added Pin To Net: NetName=PA13 Pin=U1-72
Added Net: Name=PA13
Added Pin To Net: NetName=PA14 Pin=P3-15
Added Pin To Net: NetName=PA14 Pin=U1-76
Added Net: Name=PA14
Added Pin To Net: NetName=PA15 Pin=P3-16
Added Pin To Net: NetName=PA15 Pin=U1-77
Added Net: Name=PA15
Added Pin To Net: NetName=PB0 Pin=P3-32
Added Pin To Net: NetName=PB0 Pin=U1-35
Added Net: Name=PB0
Added Pin To Net: NetName=PB1 Pin=P3-31
Added Pin To Net: NetName=PB1 Pin=U1-36
Added Net: Name=PB1
Added Pin To Net: NetName=PB2 Pin=P3-30
Added Pin To Net: NetName=PB2 Pin=U1-37
Added Net: Name=PB2
Added Pin To Net: NetName=PB3 Pin=P3-29
Added Pin To Net: NetName=PB3 Pin=U1-89
Added Net: Name=PB3
Added Pin To Net: NetName=PB4 Pin=P3-28
Added Pin To Net: NetName=PB4 Pin=U1-90
Added Net: Name=PB4
Added Pin To Net: NetName=PB5 Pin=P3-27
Added Pin To Net: NetName=PB5 Pin=U1-91
Added Net: Name=PB5
Added Pin To Net: NetName=PB6 Pin=P3-26
Added Pin To Net: NetName=PB6 Pin=U1-92
Added Net: Name=PB6
Added Pin To Net: NetName=PB7 Pin=P3-25
Added Pin To Net: NetName=PB7 Pin=U1-93
Added Net: Name=PB7
Added Pin To Net: NetName=PB8 Pin=P3-24
Added Pin To Net: NetName=PB8 Pin=U1-95
Added Net: Name=PB8
Added Pin To Net: NetName=PB9 Pin=P3-23
Added Pin To Net: NetName=PB9 Pin=U1-96
Added Net: Name=PB9
Added Pin To Net: NetName=PB10 Pin=P3-22
Added Pin To Net: NetName=PB10 Pin=U1-47
Added Net: Name=PB10
Added Pin To Net: NetName=PB11 Pin=P3-21
Added Pin To Net: NetName=PB11 Pin=U1-48
Added Net: Name=PB11
Added Pin To Net: NetName=PB12 Pin=P3-20
Added Pin To Net: NetName=PB12 Pin=U1-51
Added Net: Name=PB12
Added Pin To Net: NetName=PB13 Pin=P3-19
Added Pin To Net: NetName=PB13 Pin=U1-52
Added Net: Name=PB13
Added Pin To Net: NetName=PB14 Pin=P3-18
Added Pin To Net: NetName=PB14 Pin=U1-53
Added Net: Name=PB14
Added Pin To Net: NetName=PB15 Pin=P3-17
Added Pin To Net: NetName=PB15 Pin=U1-54
Added Net: Name=PB15
Added Pin To Net: NetName=PC0 Pin=P4-1
Added Pin To Net: NetName=PC0 Pin=U1-15
Added Net: Name=PC0
Added Pin To Net: NetName=PC1 Pin=P4-2
Added Pin To Net: NetName=PC1 Pin=U1-16
Added Net: Name=PC1
Added Pin To Net: NetName=PC2 Pin=P4-3
Added Pin To Net: NetName=PC2 Pin=U1-17
Added Net: Name=PC2
Added Pin To Net: NetName=PC3 Pin=P4-4
Added Pin To Net: NetName=PC3 Pin=U1-18
Added Net: Name=PC3
Added Pin To Net: NetName=PC4 Pin=P4-5
Added Pin To Net: NetName=PC4 Pin=U1-33
Added Net: Name=PC4
Added Pin To Net: NetName=PC5 Pin=P4-6
Added Pin To Net: NetName=PC5 Pin=U1-34
Added Net: Name=PC5
Added Pin To Net: NetName=PC6 Pin=P4-7
Added Pin To Net: NetName=PC6 Pin=U1-63
Added Net: Name=PC6
Added Pin To Net: NetName=PC7 Pin=P4-8
Added Pin To Net: NetName=PC7 Pin=U1-64
Added Net: Name=PC7
Added Pin To Net: NetName=PC8 Pin=P4-9
Added Pin To Net: NetName=PC8 Pin=U1-65
Added Net: Name=PC8
Added Pin To Net: NetName=PC9 Pin=P4-10
Added Pin To Net: NetName=PC9 Pin=U1-66
Added Net: Name=PC9
Added Pin To Net: NetName=PC10 Pin=P4-11
Added Pin To Net: NetName=PC10 Pin=U1-78
Added Net: Name=PC10
Added Pin To Net: NetName=PC11 Pin=P4-12
Added Pin To Net: NetName=PC11 Pin=U1-79
Added Net: Name=PC11
Added Pin To Net: NetName=PC12 Pin=P4-13
Added Pin To Net: NetName=PC12 Pin=U1-80
Added Net: Name=PC12
Added Pin To Net: NetName=PC13 Pin=P4-14
Added Pin To Net: NetName=PC13 Pin=U1-7
Added Net: Name=PC13
Added Pin To Net: NetName=PC14 Pin=P4-15
Added Pin To Net: NetName=PC14 Pin=U1-8
Added Net: Name=PC14
Added Pin To Net: NetName=PC15 Pin=P4-16
Added Pin To Net: NetName=PC15 Pin=U1-9
Added Net: Name=PC15
Added Pin To Net: NetName=PD0 Pin=P4-32
Added Pin To Net: NetName=PD0 Pin=U1-81
Added Net: Name=PD0
Added Pin To Net: NetName=PD1 Pin=P4-31
Added Pin To Net: NetName=PD1 Pin=U1-82
Added Net: Name=PD1
Added Pin To Net: NetName=PD2 Pin=P4-30
Added Pin To Net: NetName=PD2 Pin=U1-83
Added Net: Name=PD2
Added Pin To Net: NetName=PD3 Pin=P4-29
Added Pin To Net: NetName=PD3 Pin=U1-84
Added Net: Name=PD3
Added Pin To Net: NetName=PD4 Pin=P4-28
Added Pin To Net: NetName=PD4 Pin=U1-85
Added Net: Name=PD4
Added Pin To Net: NetName=PD5 Pin=P4-27
Added Pin To Net: NetName=PD5 Pin=U1-86
Added Net: Name=PD5
Added Pin To Net: NetName=PD6 Pin=P4-26
Added Pin To Net: NetName=PD6 Pin=U1-87
Added Net: Name=PD6
Added Pin To Net: NetName=PD7 Pin=P4-25
Added Pin To Net: NetName=PD7 Pin=U1-88
Added Net: Name=PD7
Added Pin To Net: NetName=PD8 Pin=P4-24
Added Pin To Net: NetName=PD8 Pin=U1-55
Added Net: Name=PD8
Added Pin To Net: NetName=PD9 Pin=P4-23
Added Pin To Net: NetName=PD9 Pin=U1-56
Added Net: Name=PD9
Added Pin To Net: NetName=PD10 Pin=P4-22
Added Pin To Net: NetName=PD10 Pin=U1-57
Added Net: Name=PD10
Added Pin To Net: NetName=PD11 Pin=P4-21
Added Pin To Net: NetName=PD11 Pin=U1-58
Added Net: Name=PD11
Added Pin To Net: NetName=PD12 Pin=P4-20
Added Pin To Net: NetName=PD12 Pin=U1-59
Added Net: Name=PD12
Added Pin To Net: NetName=PD13 Pin=P4-19
Added Pin To Net: NetName=PD13 Pin=U1-60
Added Net: Name=PD13
Added Pin To Net: NetName=PD14 Pin=P4-18
Added Pin To Net: NetName=PD14 Pin=U1-61
Added Net: Name=PD14
Added Pin To Net: NetName=PD15 Pin=P4-17
Added Pin To Net: NetName=PD15 Pin=U1-62
Added Net: Name=PD15
Added Pin To Net: NetName=PE0 Pin=P?-1
Added Pin To Net: NetName=PE0 Pin=U1-97
Added Net: Name=PE0
Added Pin To Net: NetName=PE1 Pin=P?-2
Added Pin To Net: NetName=PE1 Pin=U1-98
Added Net: Name=PE1
Added Pin To Net: NetName=PE2 Pin=P?-3
Added Pin To Net: NetName=PE2 Pin=U1-1
Added Net: Name=PE2
Added Pin To Net: NetName=PE3 Pin=P?-4
Added Pin To Net: NetName=PE3 Pin=U1-2
Added Net: Name=PE3
Added Pin To Net: NetName=PE4 Pin=P?-5
Added Pin To Net: NetName=PE4 Pin=U1-3
Added Net: Name=PE4
Added Pin To Net: NetName=PE5 Pin=P?-6
Added Pin To Net: NetName=PE5 Pin=U1-4
Added Net: Name=PE5
Added Pin To Net: NetName=PE6 Pin=P?-7
Added Pin To Net: NetName=PE6 Pin=U1-5
Added Net: Name=PE6
Added Pin To Net: NetName=PE7 Pin=P?-8
Added Pin To Net: NetName=PE7 Pin=U1-38
Added Net: Name=PE7
Added Pin To Net: NetName=PE8 Pin=P?-9
Added Pin To Net: NetName=PE8 Pin=U1-39
Added Net: Name=PE8
Added Pin To Net: NetName=PE9 Pin=P?-10
Added Pin To Net: NetName=PE9 Pin=U1-40
Added Net: Name=PE9
Added Pin To Net: NetName=PE10 Pin=P?-11
Added Pin To Net: NetName=PE10 Pin=U1-41
Added Net: Name=PE10
Added Pin To Net: NetName=PE11 Pin=P?-12
Added Pin To Net: NetName=PE11 Pin=U1-42
Added Net: Name=PE11
Added Pin To Net: NetName=PE12 Pin=P?-13
Added Pin To Net: NetName=PE12 Pin=U1-43
Added Net: Name=PE12
Added Pin To Net: NetName=PE13 Pin=P?-14
Added Pin To Net: NetName=PE13 Pin=U1-44
Added Net: Name=PE13
Added Pin To Net: NetName=PE14 Pin=P?-15
Added Pin To Net: NetName=PE14 Pin=U1-45
Added Net: Name=PE14
Added Pin To Net: NetName=PE15 Pin=P?-16
Added Pin To Net: NetName=PE15 Pin=R5-1
Added Pin To Net: NetName=PE15 Pin=U1-46
Added Net: Name=PE15
Added Pin To Net: NetName=VCC Pin=C22-1
Added Pin To Net: NetName=VCC Pin=C23-2
Added Pin To Net: NetName=VCC Pin=P1-1
Added Pin To Net: NetName=VCC Pin=P2-1
Added Pin To Net: NetName=VCC Pin=U2-3
Added Net: Name=VCC
Added Pin To Net: NetName=VDD Pin=C3-2
Added Pin To Net: NetName=VDD Pin=C4-2
Added Pin To Net: NetName=VDD Pin=U1-6
Added Pin To Net: NetName=VDD Pin=U1-21
Added Net: Name=VDD
Added Class: Name=Minimum_MCU_sys
Added Room: Name=Minimum_MCU_sys
